2020-10-02 18:15:30,868 INFO o.a.j.u.JMeterUtils: Setting Locale to en_EN
2020-10-02 18:15:30,902 INFO o.a.j.JMeter: Loading user properties from: user.properties
2020-10-02 18:15:30,903 INFO o.a.j.JMeter: Loading system properties from: system.properties
2020-10-02 18:15:30,906 INFO o.a.j.JMeter: Copyright (c) 1998-2020 The Apache Software Foundation
2020-10-02 18:15:30,907 INFO o.a.j.JMeter: Version 5.3
2020-10-02 18:15:30,907 INFO o.a.j.JMeter: java.version=1.8.0_261
2020-10-02 18:15:30,907 INFO o.a.j.JMeter: java.vm.name=Java HotSpot(TM) Client VM
2020-10-02 18:15:30,907 INFO o.a.j.JMeter: os.name=Windows 8.1
2020-10-02 18:15:30,907 INFO o.a.j.JMeter: os.arch=x86
2020-10-02 18:15:30,908 INFO o.a.j.JMeter: os.version=6.3
2020-10-02 18:15:30,908 INFO o.a.j.JMeter: file.encoding=Cp1251
2020-10-02 18:15:30,908 INFO o.a.j.JMeter: java.awt.headless=null
2020-10-02 18:15:30,908 INFO o.a.j.JMeter: Max memory     =1073741824
2020-10-02 18:15:30,908 INFO o.a.j.JMeter: Available Processors =8
2020-10-02 18:15:30,920 INFO o.a.j.JMeter: Default Locale=English (EN)
2020-10-02 18:15:30,920 INFO o.a.j.JMeter: JMeter  Locale=English (EN)
2020-10-02 18:15:30,920 INFO o.a.j.JMeter: JMeterHome=C:\Users\Анастасия\Downloads\apache-jmeter-5.3\apache-jmeter-5.3
2020-10-02 18:15:30,920 INFO o.a.j.JMeter: user.dir  =C:\Users\Анастасия\Downloads\apache-jmeter-5.3\apache-jmeter-5.3\bin
2020-10-02 18:15:30,921 INFO o.a.j.JMeter: PWD       =C:\Users\Анастасия\Downloads\apache-jmeter-5.3\apache-jmeter-5.3\bin
2020-10-02 18:15:30,924 INFO o.a.j.JMeter: IP: 192.168.0.102 Name: home-pc FullName: home-pc
2020-10-02 18:15:31,095 INFO o.a.j.JMeter: Setting LAF to: laf:javax.swing.plaf.metal.MetalLookAndFeel
2020-10-02 18:15:31,286 INFO o.a.j.JMeter: Loaded icon properties from org/apache/jmeter/images/icon.properties
2020-10-02 18:15:34,755 INFO o.j.r.JARSourceHTTP: Found cached repo
2020-10-02 18:15:35,206 INFO o.j.r.PluginManager: Plugins Status: [jpgc-graphs-basic=2.0, jpgc-graphs-additional=2.0, jpgc-casutg=2.9, jpgc-perfmon=2.1, jpgc-plugins-manager=1.4, jpgc-tst=2.5, jmeter-core=5.3, jmeter-ftp=5.3, jmeter-http=5.3, jmeter-jdbc=5.3, jmeter-jms=5.3, jmeter-junit=5.3, jmeter-java=5.3, jmeter-ldap=5.3, jmeter-mail=5.3, jmeter-mongodb=5.3, jmeter-native=5.3, jmeter-tcp=5.3, jmeter-components=5.3]
2020-10-02 18:15:43,691 INFO o.a.j.s.FileServer: Default base='C:\Users\Анастасия\Downloads\apache-jmeter-5.3\apache-jmeter-5.3\bin'
2020-10-02 18:15:43,699 INFO o.a.j.g.a.Load: Loading file: C:\Users\Анастасия\Desktop\Sergey\задание1.jmx
2020-10-02 18:15:43,700 INFO o.a.j.s.FileServer: Set new base='C:\Users\Анастасия\Desktop\Sergey'
2020-10-02 18:15:44,030 INFO o.a.j.s.SaveService: Testplan (JMX) version: 2.2. Testlog (JTL) version: 2.2
2020-10-02 18:15:44,073 INFO o.a.j.s.SaveService: Using SaveService properties file encoding UTF-8
2020-10-02 18:15:44,078 INFO o.a.j.s.SaveService: Using SaveService properties version 5.0
2020-10-02 18:15:44,086 INFO o.a.j.s.SaveService: Loading file: C:\Users\Анастасия\Desktop\Sergey\задание1.jmx
2020-10-02 18:15:44,536 INFO o.a.j.p.h.c.CookieManager: Settings: Delete null: true Check: true Allow variable: true Save: false Prefix: COOKIE_
2020-10-02 18:15:44,548 INFO o.a.j.p.h.s.HTTPSamplerBase: Parser for text/html is org.apache.jmeter.protocol.http.parser.LagartoBasedHtmlParser
2020-10-02 18:15:44,549 INFO o.a.j.p.h.s.HTTPSamplerBase: Parser for application/xhtml+xml is org.apache.jmeter.protocol.http.parser.LagartoBasedHtmlParser
2020-10-02 18:15:44,549 INFO o.a.j.p.h.s.HTTPSamplerBase: Parser for application/xml is org.apache.jmeter.protocol.http.parser.LagartoBasedHtmlParser
2020-10-02 18:15:44,549 INFO o.a.j.p.h.s.HTTPSamplerBase: Parser for text/xml is org.apache.jmeter.protocol.http.parser.LagartoBasedHtmlParser
2020-10-02 18:15:44,549 INFO o.a.j.p.h.s.HTTPSamplerBase: Parser for text/vnd.wap.wml is org.apache.jmeter.protocol.http.parser.RegexpHTMLParser
2020-10-02 18:15:44,550 INFO o.a.j.p.h.s.HTTPSamplerBase: Parser for text/css is org.apache.jmeter.protocol.http.parser.CssParser
2020-10-02 18:15:45,787 INFO o.a.j.s.SampleResult: Note: Sample TimeStamps are START times
2020-10-02 18:15:45,788 INFO o.a.j.s.SampleResult: sampleresult.default.encoding is set to ISO-8859-1
2020-10-02 18:15:45,788 INFO o.a.j.s.SampleResult: sampleresult.useNanoTime=true
2020-10-02 18:15:45,788 INFO o.a.j.s.SampleResult: sampleresult.nanoThreadSleep=5000
2020-10-02 18:15:46,524 INFO o.a.j.e.u.CompoundVariable: Note: Function class names must contain the string: '.functions.'
2020-10-02 18:15:46,524 INFO o.a.j.e.u.CompoundVariable: Note: Function class names must not contain the string: '.gui.'
2020-10-02 18:15:47,936 INFO o.a.j.s.FileServer: Set new base='C:\Users\Анастасия\Desktop\Sergey'
2020-10-02 18:16:06,565 INFO o.a.j.e.StandardJMeterEngine: Running the test!
2020-10-02 18:16:06,567 INFO o.a.j.s.SampleEvent: List of sample_variables: []
2020-10-02 18:16:06,567 INFO o.a.j.s.SampleEvent: List of sample_variables: []
2020-10-02 18:16:07,643 INFO k.a.j.p.PerfMonCollector: Can't connect TCP transport for host: localhost/127.0.0.1:4444
java.net.ConnectException: Connection refused: connect
	at java.net.DualStackPlainSocketImpl.connect0(Native Method) ~[?:1.8.0_261]
	at java.net.DualStackPlainSocketImpl.socketConnect(Unknown Source) ~[?:1.8.0_261]
	at java.net.AbstractPlainSocketImpl.doConnect(Unknown Source) ~[?:1.8.0_261]
	at java.net.AbstractPlainSocketImpl.connectToAddress(Unknown Source) ~[?:1.8.0_261]
	at java.net.AbstractPlainSocketImpl.connect(Unknown Source) ~[?:1.8.0_261]
	at java.net.PlainSocketImpl.connect(Unknown Source) ~[?:1.8.0_261]
	at java.net.SocksSocketImpl.connect(Unknown Source) ~[?:1.8.0_261]
	at java.net.Socket.connect(Unknown Source) ~[?:1.8.0_261]
	at java.net.Socket.connect(Unknown Source) ~[?:1.8.0_261]
	at kg.apc.perfmon.client.TransportFactory.TCPInstance(TransportFactory.java:91) ~[perfmon-2.2.2.jar:?]
	at kg.apc.jmeter.perfmon.PerfMonCollector.getConnector(PerfMonCollector.java:243) [jmeter-plugins-perfmon-2.1.jar:?]
	at kg.apc.jmeter.perfmon.PerfMonCollector.initiateConnector(PerfMonCollector.java:228) [jmeter-plugins-perfmon-2.1.jar:?]
	at kg.apc.jmeter.perfmon.PerfMonCollector.initiateConnectors(PerfMonCollector.java:175) [jmeter-plugins-perfmon-2.1.jar:?]
	at kg.apc.jmeter.perfmon.PerfMonCollector.testStarted(PerfMonCollector.java:126) [jmeter-plugins-perfmon-2.1.jar:?]
	at org.apache.jmeter.reporters.ResultCollector.testStarted(ResultCollector.java:350) [ApacheJMeter_core.jar:5.3]
	at kg.apc.jmeter.vizualizers.CorrectedResultCollector.testStarted(CorrectedResultCollector.java:28) [jmeter-plugins-cmn-jmeter-0.5.jar:?]
	at org.apache.jmeter.engine.StandardJMeterEngine.notifyTestListenersOfStart(StandardJMeterEngine.java:205) [ApacheJMeter_core.jar:5.3]
	at org.apache.jmeter.engine.StandardJMeterEngine.run(StandardJMeterEngine.java:380) [ApacheJMeter_core.jar:5.3]
	at java.lang.Thread.run(Unknown Source) [?:1.8.0_261]
2020-10-02 18:16:07,654 ERROR k.a.j.p.PerfMonCollector: Problems creating connector
java.net.ConnectException: Connection refused: connect
	at java.net.DualStackPlainSocketImpl.connect0(Native Method) ~[?:1.8.0_261]
	at java.net.DualStackPlainSocketImpl.socketConnect(Unknown Source) ~[?:1.8.0_261]
	at java.net.AbstractPlainSocketImpl.doConnect(Unknown Source) ~[?:1.8.0_261]
	at java.net.AbstractPlainSocketImpl.connectToAddress(Unknown Source) ~[?:1.8.0_261]
	at java.net.AbstractPlainSocketImpl.connect(Unknown Source) ~[?:1.8.0_261]
	at java.net.PlainSocketImpl.connect(Unknown Source) ~[?:1.8.0_261]
	at java.net.SocksSocketImpl.connect(Unknown Source) ~[?:1.8.0_261]
	at java.net.Socket.connect(Unknown Source) ~[?:1.8.0_261]
	at java.net.Socket.connect(Unknown Source) ~[?:1.8.0_261]
	at kg.apc.perfmon.client.TransportFactory.TCPInstance(TransportFactory.java:91) ~[perfmon-2.2.2.jar:?]
	at kg.apc.jmeter.perfmon.PerfMonCollector.getConnector(PerfMonCollector.java:243) ~[jmeter-plugins-perfmon-2.1.jar:?]
	at kg.apc.jmeter.perfmon.PerfMonCollector.initiateConnector(PerfMonCollector.java:228) [jmeter-plugins-perfmon-2.1.jar:?]
	at kg.apc.jmeter.perfmon.PerfMonCollector.initiateConnectors(PerfMonCollector.java:175) [jmeter-plugins-perfmon-2.1.jar:?]
	at kg.apc.jmeter.perfmon.PerfMonCollector.testStarted(PerfMonCollector.java:126) [jmeter-plugins-perfmon-2.1.jar:?]
	at org.apache.jmeter.reporters.ResultCollector.testStarted(ResultCollector.java:350) [ApacheJMeter_core.jar:5.3]
	at kg.apc.jmeter.vizualizers.CorrectedResultCollector.testStarted(CorrectedResultCollector.java:28) [jmeter-plugins-cmn-jmeter-0.5.jar:?]
	at org.apache.jmeter.engine.StandardJMeterEngine.notifyTestListenersOfStart(StandardJMeterEngine.java:205) [ApacheJMeter_core.jar:5.3]
	at org.apache.jmeter.engine.StandardJMeterEngine.run(StandardJMeterEngine.java:380) [ApacheJMeter_core.jar:5.3]
	at java.lang.Thread.run(Unknown Source) [?:1.8.0_261]
2020-10-02 18:16:08,652 INFO k.a.j.p.PerfMonCollector: Can't connect TCP transport for host: localhost/127.0.0.1:4444
java.net.ConnectException: Connection refused: connect
	at java.net.DualStackPlainSocketImpl.connect0(Native Method) ~[?:1.8.0_261]
	at java.net.DualStackPlainSocketImpl.socketConnect(Unknown Source) ~[?:1.8.0_261]
	at java.net.AbstractPlainSocketImpl.doConnect(Unknown Source) ~[?:1.8.0_261]
	at java.net.AbstractPlainSocketImpl.connectToAddress(Unknown Source) ~[?:1.8.0_261]
	at java.net.AbstractPlainSocketImpl.connect(Unknown Source) ~[?:1.8.0_261]
	at java.net.PlainSocketImpl.connect(Unknown Source) ~[?:1.8.0_261]
	at java.net.SocksSocketImpl.connect(Unknown Source) ~[?:1.8.0_261]
	at java.net.Socket.connect(Unknown Source) ~[?:1.8.0_261]
	at java.net.Socket.connect(Unknown Source) ~[?:1.8.0_261]
	at kg.apc.perfmon.client.TransportFactory.TCPInstance(TransportFactory.java:91) ~[perfmon-2.2.2.jar:?]
	at kg.apc.jmeter.perfmon.PerfMonCollector.getConnector(PerfMonCollector.java:243) [jmeter-plugins-perfmon-2.1.jar:?]
	at kg.apc.jmeter.perfmon.PerfMonCollector.initiateConnector(PerfMonCollector.java:228) [jmeter-plugins-perfmon-2.1.jar:?]
	at kg.apc.jmeter.perfmon.PerfMonCollector.initiateConnectors(PerfMonCollector.java:175) [jmeter-plugins-perfmon-2.1.jar:?]
	at kg.apc.jmeter.perfmon.PerfMonCollector.testStarted(PerfMonCollector.java:126) [jmeter-plugins-perfmon-2.1.jar:?]
	at org.apache.jmeter.reporters.ResultCollector.testStarted(ResultCollector.java:350) [ApacheJMeter_core.jar:5.3]
	at kg.apc.jmeter.vizualizers.CorrectedResultCollector.testStarted(CorrectedResultCollector.java:28) [jmeter-plugins-cmn-jmeter-0.5.jar:?]
	at org.apache.jmeter.engine.StandardJMeterEngine.notifyTestListenersOfStart(StandardJMeterEngine.java:205) [ApacheJMeter_core.jar:5.3]
	at org.apache.jmeter.engine.StandardJMeterEngine.run(StandardJMeterEngine.java:380) [ApacheJMeter_core.jar:5.3]
	at java.lang.Thread.run(Unknown Source) [?:1.8.0_261]
2020-10-02 18:16:08,653 ERROR k.a.j.p.PerfMonCollector: Problems creating connector
java.net.ConnectException: Connection refused: connect
	at java.net.DualStackPlainSocketImpl.connect0(Native Method) ~[?:1.8.0_261]
	at java.net.DualStackPlainSocketImpl.socketConnect(Unknown Source) ~[?:1.8.0_261]
	at java.net.AbstractPlainSocketImpl.doConnect(Unknown Source) ~[?:1.8.0_261]
	at java.net.AbstractPlainSocketImpl.connectToAddress(Unknown Source) ~[?:1.8.0_261]
	at java.net.AbstractPlainSocketImpl.connect(Unknown Source) ~[?:1.8.0_261]
	at java.net.PlainSocketImpl.connect(Unknown Source) ~[?:1.8.0_261]
	at java.net.SocksSocketImpl.connect(Unknown Source) ~[?:1.8.0_261]
	at java.net.Socket.connect(Unknown Source) ~[?:1.8.0_261]
	at java.net.Socket.connect(Unknown Source) ~[?:1.8.0_261]
	at kg.apc.perfmon.client.TransportFactory.TCPInstance(TransportFactory.java:91) ~[perfmon-2.2.2.jar:?]
	at kg.apc.jmeter.perfmon.PerfMonCollector.getConnector(PerfMonCollector.java:243) ~[jmeter-plugins-perfmon-2.1.jar:?]
	at kg.apc.jmeter.perfmon.PerfMonCollector.initiateConnector(PerfMonCollector.java:228) [jmeter-plugins-perfmon-2.1.jar:?]
	at kg.apc.jmeter.perfmon.PerfMonCollector.initiateConnectors(PerfMonCollector.java:175) [jmeter-plugins-perfmon-2.1.jar:?]
	at kg.apc.jmeter.perfmon.PerfMonCollector.testStarted(PerfMonCollector.java:126) [jmeter-plugins-perfmon-2.1.jar:?]
	at org.apache.jmeter.reporters.ResultCollector.testStarted(ResultCollector.java:350) [ApacheJMeter_core.jar:5.3]
	at kg.apc.jmeter.vizualizers.CorrectedResultCollector.testStarted(CorrectedResultCollector.java:28) [jmeter-plugins-cmn-jmeter-0.5.jar:?]
	at org.apache.jmeter.engine.StandardJMeterEngine.notifyTestListenersOfStart(StandardJMeterEngine.java:205) [ApacheJMeter_core.jar:5.3]
	at org.apache.jmeter.engine.StandardJMeterEngine.run(StandardJMeterEngine.java:380) [ApacheJMeter_core.jar:5.3]
	at java.lang.Thread.run(Unknown Source) [?:1.8.0_261]
2020-10-02 18:16:09,655 INFO k.a.j.p.PerfMonCollector: Can't connect TCP transport for host: localhost/127.0.0.1:4444
java.net.ConnectException: Connection refused: connect
	at java.net.DualStackPlainSocketImpl.connect0(Native Method) ~[?:1.8.0_261]
	at java.net.DualStackPlainSocketImpl.socketConnect(Unknown Source) ~[?:1.8.0_261]
	at java.net.AbstractPlainSocketImpl.doConnect(Unknown Source) ~[?:1.8.0_261]
	at java.net.AbstractPlainSocketImpl.connectToAddress(Unknown Source) ~[?:1.8.0_261]
	at java.net.AbstractPlainSocketImpl.connect(Unknown Source) ~[?:1.8.0_261]
	at java.net.PlainSocketImpl.connect(Unknown Source) ~[?:1.8.0_261]
	at java.net.SocksSocketImpl.connect(Unknown Source) ~[?:1.8.0_261]
	at java.net.Socket.connect(Unknown Source) ~[?:1.8.0_261]
	at java.net.Socket.connect(Unknown Source) ~[?:1.8.0_261]
	at kg.apc.perfmon.client.TransportFactory.TCPInstance(TransportFactory.java:91) ~[perfmon-2.2.2.jar:?]
	at kg.apc.jmeter.perfmon.PerfMonCollector.getConnector(PerfMonCollector.java:243) [jmeter-plugins-perfmon-2.1.jar:?]
	at kg.apc.jmeter.perfmon.PerfMonCollector.initiateConnector(PerfMonCollector.java:228) [jmeter-plugins-perfmon-2.1.jar:?]
	at kg.apc.jmeter.perfmon.PerfMonCollector.initiateConnectors(PerfMonCollector.java:175) [jmeter-plugins-perfmon-2.1.jar:?]
	at kg.apc.jmeter.perfmon.PerfMonCollector.testStarted(PerfMonCollector.java:126) [jmeter-plugins-perfmon-2.1.jar:?]
	at org.apache.jmeter.reporters.ResultCollector.testStarted(ResultCollector.java:350) [ApacheJMeter_core.jar:5.3]
	at kg.apc.jmeter.vizualizers.CorrectedResultCollector.testStarted(CorrectedResultCollector.java:28) [jmeter-plugins-cmn-jmeter-0.5.jar:?]
	at org.apache.jmeter.engine.StandardJMeterEngine.notifyTestListenersOfStart(StandardJMeterEngine.java:205) [ApacheJMeter_core.jar:5.3]
	at org.apache.jmeter.engine.StandardJMeterEngine.run(StandardJMeterEngine.java:380) [ApacheJMeter_core.jar:5.3]
	at java.lang.Thread.run(Unknown Source) [?:1.8.0_261]
2020-10-02 18:16:09,656 ERROR k.a.j.p.PerfMonCollector: Problems creating connector
java.net.ConnectException: Connection refused: connect
	at java.net.DualStackPlainSocketImpl.connect0(Native Method) ~[?:1.8.0_261]
	at java.net.DualStackPlainSocketImpl.socketConnect(Unknown Source) ~[?:1.8.0_261]
	at java.net.AbstractPlainSocketImpl.doConnect(Unknown Source) ~[?:1.8.0_261]
	at java.net.AbstractPlainSocketImpl.connectToAddress(Unknown Source) ~[?:1.8.0_261]
	at java.net.AbstractPlainSocketImpl.connect(Unknown Source) ~[?:1.8.0_261]
	at java.net.PlainSocketImpl.connect(Unknown Source) ~[?:1.8.0_261]
	at java.net.SocksSocketImpl.connect(Unknown Source) ~[?:1.8.0_261]
	at java.net.Socket.connect(Unknown Source) ~[?:1.8.0_261]
	at java.net.Socket.connect(Unknown Source) ~[?:1.8.0_261]
	at kg.apc.perfmon.client.TransportFactory.TCPInstance(TransportFactory.java:91) ~[perfmon-2.2.2.jar:?]
	at kg.apc.jmeter.perfmon.PerfMonCollector.getConnector(PerfMonCollector.java:243) ~[jmeter-plugins-perfmon-2.1.jar:?]
	at kg.apc.jmeter.perfmon.PerfMonCollector.initiateConnector(PerfMonCollector.java:228) [jmeter-plugins-perfmon-2.1.jar:?]
	at kg.apc.jmeter.perfmon.PerfMonCollector.initiateConnectors(PerfMonCollector.java:175) [jmeter-plugins-perfmon-2.1.jar:?]
	at kg.apc.jmeter.perfmon.PerfMonCollector.testStarted(PerfMonCollector.java:126) [jmeter-plugins-perfmon-2.1.jar:?]
	at org.apache.jmeter.reporters.ResultCollector.testStarted(ResultCollector.java:350) [ApacheJMeter_core.jar:5.3]
	at kg.apc.jmeter.vizualizers.CorrectedResultCollector.testStarted(CorrectedResultCollector.java:28) [jmeter-plugins-cmn-jmeter-0.5.jar:?]
	at org.apache.jmeter.engine.StandardJMeterEngine.notifyTestListenersOfStart(StandardJMeterEngine.java:205) [ApacheJMeter_core.jar:5.3]
	at org.apache.jmeter.engine.StandardJMeterEngine.run(StandardJMeterEngine.java:380) [ApacheJMeter_core.jar:5.3]
	at java.lang.Thread.run(Unknown Source) [?:1.8.0_261]
2020-10-02 18:16:09,662 INFO o.a.j.g.u.JMeterMenuBar: setRunning(true, *local*)
2020-10-02 18:16:09,662 ERROR k.a.j.p.PerfMonCollector: Perfmon plugin error: java.net.ConnectException: Connection refused: connect
2020-10-02 18:16:09,663 ERROR k.a.j.p.PerfMonCollector: Perfmon plugin error: java.net.ConnectException: Connection refused: connect
2020-10-02 18:16:09,964 ERROR k.a.j.p.PerfMonCollector: Perfmon plugin error: java.net.ConnectException: Connection refused: connect
2020-10-02 18:16:09,966 INFO o.a.j.e.StandardJMeterEngine: Starting ThreadGroup: 1 : UC_02_sendComment
2020-10-02 18:16:09,966 INFO o.a.j.e.StandardJMeterEngine: Starting 10 threads for group UC_02_sendComment.
2020-10-02 18:16:09,966 INFO o.a.j.e.StandardJMeterEngine: Thread will continue on error
2020-10-02 18:16:09,967 INFO o.a.j.t.ThreadGroup: Starting thread group... number=1 threads=10 ramp-up=120 delayedStart=false
2020-10-02 18:16:09,984 INFO o.a.j.t.JMeterThread: Thread started: UC_02_sendComment 1-1
2020-10-02 18:16:09,998 INFO o.a.j.s.FileServer: Stored: ./comments.csv
2020-10-02 18:16:10,003 WARN k.a.j.t.VariableThroughputTimer: No free threads available in current Thread Group UC_02_sendComment, made 0 samples/s for expected rps 2.0 samples/s, increase your number of threads
2020-10-02 18:16:10,016 INFO o.a.j.t.ThreadGroup: Started thread group number 1
2020-10-02 18:16:10,017 INFO o.a.j.e.StandardJMeterEngine: Starting ThreadGroup: 2 : UC_03_clearGuestbookHistory
2020-10-02 18:16:10,017 INFO o.a.j.e.StandardJMeterEngine: Starting 1 threads for group UC_03_clearGuestbookHistory.
2020-10-02 18:16:10,017 INFO o.a.j.e.StandardJMeterEngine: Thread will continue on error
2020-10-02 18:16:10,017 INFO o.a.j.t.ThreadGroup: Starting thread group... number=2 threads=1 ramp-up=1 delayedStart=false
2020-10-02 18:16:10,021 INFO o.a.j.t.ThreadGroup: Started thread group number 2
2020-10-02 18:16:10,021 INFO o.a.j.e.StandardJMeterEngine: All thread groups have been started
2020-10-02 18:16:10,023 INFO o.a.j.t.JMeterThread: Thread started: UC_03_clearGuestbookHistory 2-1
2020-10-02 18:16:10,024 INFO o.a.j.p.h.s.HTTPHCAbstractImpl: Local host = home-pc
2020-10-02 18:16:10,024 WARN k.a.j.t.VariableThroughputTimer: No free threads available in current Thread Group UC_03_clearGuestbookHistory, made 0 samples/s for expected rps 0.05 samples/s, increase your number of threads
2020-10-02 18:16:10,036 INFO o.a.j.p.h.s.HTTPHC4Impl: HTTP request retry count = 0
2020-10-02 18:16:10,966 ERROR k.a.j.p.PerfMonCollector: Perfmon plugin error: java.net.ConnectException: Connection refused: connect
2020-10-02 18:16:10,966 ERROR k.a.j.p.PerfMonCollector: Perfmon plugin error: java.net.ConnectException: Connection refused: connect
2020-10-02 18:16:10,967 ERROR k.a.j.p.PerfMonCollector: Perfmon plugin error: java.net.ConnectException: Connection refused: connect
2020-10-02 18:16:11,969 ERROR k.a.j.p.PerfMonCollector: Perfmon plugin error: java.net.ConnectException: Connection refused: connect
2020-10-02 18:16:11,969 ERROR k.a.j.p.PerfMonCollector: Perfmon plugin error: java.net.ConnectException: Connection refused: connect
2020-10-02 18:16:11,970 ERROR k.a.j.p.PerfMonCollector: Perfmon plugin error: java.net.ConnectException: Connection refused: connect
2020-10-02 18:16:12,971 ERROR k.a.j.p.PerfMonCollector: Perfmon plugin error: java.net.ConnectException: Connection refused: connect
2020-10-02 18:16:12,972 ERROR k.a.j.p.PerfMonCollector: Perfmon plugin error: java.net.ConnectException: Connection refused: connect
2020-10-02 18:16:12,972 ERROR k.a.j.p.PerfMonCollector: Perfmon plugin error: java.net.ConnectException: Connection refused: connect
2020-10-02 18:16:13,974 ERROR k.a.j.p.PerfMonCollector: Perfmon plugin error: java.net.ConnectException: Connection refused: connect
2020-10-02 18:16:13,974 ERROR k.a.j.p.PerfMonCollector: Perfmon plugin error: java.net.ConnectException: Connection refused: connect
2020-10-02 18:16:13,975 ERROR k.a.j.p.PerfMonCollector: Perfmon plugin error: java.net.ConnectException: Connection refused: connect
2020-10-02 18:16:14,975 ERROR k.a.j.p.PerfMonCollector: Perfmon plugin error: java.net.ConnectException: Connection refused: connect
2020-10-02 18:16:14,976 ERROR k.a.j.p.PerfMonCollector: Perfmon plugin error: java.net.ConnectException: Connection refused: connect
2020-10-02 18:16:14,977 ERROR k.a.j.p.PerfMonCollector: Perfmon plugin error: java.net.ConnectException: Connection refused: connect
2020-10-02 18:16:15,977 ERROR k.a.j.p.PerfMonCollector: Perfmon plugin error: java.net.ConnectException: Connection refused: connect
2020-10-02 18:16:15,978 ERROR k.a.j.p.PerfMonCollector: Perfmon plugin error: java.net.ConnectException: Connection refused: connect
2020-10-02 18:16:15,979 ERROR k.a.j.p.PerfMonCollector: Perfmon plugin error: java.net.ConnectException: Connection refused: connect
2020-10-02 18:16:16,981 ERROR k.a.j.p.PerfMonCollector: Perfmon plugin error: java.net.ConnectException: Connection refused: connect
2020-10-02 18:16:16,982 ERROR k.a.j.p.PerfMonCollector: Perfmon plugin error: java.net.ConnectException: Connection refused: connect
2020-10-02 18:16:16,982 ERROR k.a.j.p.PerfMonCollector: Perfmon plugin error: java.net.ConnectException: Connection refused: connect
2020-10-02 18:16:17,986 ERROR k.a.j.p.PerfMonCollector: Perfmon plugin error: java.net.ConnectException: Connection refused: connect
2020-10-02 18:16:17,987 ERROR k.a.j.p.PerfMonCollector: Perfmon plugin error: java.net.ConnectException: Connection refused: connect
2020-10-02 18:16:17,988 ERROR k.a.j.p.PerfMonCollector: Perfmon plugin error: java.net.ConnectException: Connection refused: connect
2020-10-02 18:16:18,989 ERROR k.a.j.p.PerfMonCollector: Perfmon plugin error: java.net.ConnectException: Connection refused: connect
2020-10-02 18:16:18,990 ERROR k.a.j.p.PerfMonCollector: Perfmon plugin error: java.net.ConnectException: Connection refused: connect
2020-10-02 18:16:18,991 ERROR k.a.j.p.PerfMonCollector: Perfmon plugin error: java.net.ConnectException: Connection refused: connect
2020-10-02 18:16:19,994 ERROR k.a.j.p.PerfMonCollector: Perfmon plugin error: java.net.ConnectException: Connection refused: connect
2020-10-02 18:16:19,995 ERROR k.a.j.p.PerfMonCollector: Perfmon plugin error: java.net.ConnectException: Connection refused: connect
2020-10-02 18:16:19,996 ERROR k.a.j.p.PerfMonCollector: Perfmon plugin error: java.net.ConnectException: Connection refused: connect
2020-10-02 18:16:20,998 ERROR k.a.j.p.PerfMonCollector: Perfmon plugin error: java.net.ConnectException: Connection refused: connect
2020-10-02 18:16:20,999 ERROR k.a.j.p.PerfMonCollector: Perfmon plugin error: java.net.ConnectException: Connection refused: connect
2020-10-02 18:16:21,000 ERROR k.a.j.p.PerfMonCollector: Perfmon plugin error: java.net.ConnectException: Connection refused: connect
2020-10-02 18:16:21,980 INFO o.a.j.t.JMeterThread: Thread started: UC_02_sendComment 1-2
2020-10-02 18:16:22,001 ERROR k.a.j.p.PerfMonCollector: Perfmon plugin error: java.net.ConnectException: Connection refused: connect
2020-10-02 18:16:22,002 ERROR k.a.j.p.PerfMonCollector: Perfmon plugin error: java.net.ConnectException: Connection refused: connect
2020-10-02 18:16:22,003 ERROR k.a.j.p.PerfMonCollector: Perfmon plugin error: java.net.ConnectException: Connection refused: connect
2020-10-02 18:16:23,004 ERROR k.a.j.p.PerfMonCollector: Perfmon plugin error: java.net.ConnectException: Connection refused: connect
2020-10-02 18:16:23,005 ERROR k.a.j.p.PerfMonCollector: Perfmon plugin error: java.net.ConnectException: Connection refused: connect
2020-10-02 18:16:23,007 ERROR k.a.j.p.PerfMonCollector: Perfmon plugin error: java.net.ConnectException: Connection refused: connect
2020-10-02 18:16:24,008 ERROR k.a.j.p.PerfMonCollector: Perfmon plugin error: java.net.ConnectException: Connection refused: connect
2020-10-02 18:16:24,009 ERROR k.a.j.p.PerfMonCollector: Perfmon plugin error: java.net.ConnectException: Connection refused: connect
2020-10-02 18:16:24,011 ERROR k.a.j.p.PerfMonCollector: Perfmon plugin error: java.net.ConnectException: Connection refused: connect
2020-10-02 18:16:25,013 ERROR k.a.j.p.PerfMonCollector: Perfmon plugin error: java.net.ConnectException: Connection refused: connect
2020-10-02 18:16:25,016 ERROR k.a.j.p.PerfMonCollector: Perfmon plugin error: java.net.ConnectException: Connection refused: connect
2020-10-02 18:16:25,017 ERROR k.a.j.p.PerfMonCollector: Perfmon plugin error: java.net.ConnectException: Connection refused: connect
2020-10-02 18:16:26,018 ERROR k.a.j.p.PerfMonCollector: Perfmon plugin error: java.net.ConnectException: Connection refused: connect
2020-10-02 18:16:26,019 ERROR k.a.j.p.PerfMonCollector: Perfmon plugin error: java.net.ConnectException: Connection refused: connect
2020-10-02 18:16:26,021 ERROR k.a.j.p.PerfMonCollector: Perfmon plugin error: java.net.ConnectException: Connection refused: connect
2020-10-02 18:16:27,022 ERROR k.a.j.p.PerfMonCollector: Perfmon plugin error: java.net.ConnectException: Connection refused: connect
2020-10-02 18:16:27,024 ERROR k.a.j.p.PerfMonCollector: Perfmon plugin error: java.net.ConnectException: Connection refused: connect
2020-10-02 18:16:27,025 ERROR k.a.j.p.PerfMonCollector: Perfmon plugin error: java.net.ConnectException: Connection refused: connect
2020-10-02 18:16:28,028 ERROR k.a.j.p.PerfMonCollector: Perfmon plugin error: java.net.ConnectException: Connection refused: connect
2020-10-02 18:16:28,030 ERROR k.a.j.p.PerfMonCollector: Perfmon plugin error: java.net.ConnectException: Connection refused: connect
2020-10-02 18:16:28,031 ERROR k.a.j.p.PerfMonCollector: Perfmon plugin error: java.net.ConnectException: Connection refused: connect
2020-10-02 18:16:29,033 ERROR k.a.j.p.PerfMonCollector: Perfmon plugin error: java.net.ConnectException: Connection refused: connect
2020-10-02 18:16:29,035 ERROR k.a.j.p.PerfMonCollector: Perfmon plugin error: java.net.ConnectException: Connection refused: connect
2020-10-02 18:16:29,037 ERROR k.a.j.p.PerfMonCollector: Perfmon plugin error: java.net.ConnectException: Connection refused: connect
2020-10-02 18:16:30,039 ERROR k.a.j.p.PerfMonCollector: Perfmon plugin error: java.net.ConnectException: Connection refused: connect
2020-10-02 18:16:30,041 ERROR k.a.j.p.PerfMonCollector: Perfmon plugin error: java.net.ConnectException: Connection refused: connect
2020-10-02 18:16:30,042 ERROR k.a.j.p.PerfMonCollector: Perfmon plugin error: java.net.ConnectException: Connection refused: connect
2020-10-02 18:16:31,043 ERROR k.a.j.p.PerfMonCollector: Perfmon plugin error: java.net.ConnectException: Connection refused: connect
2020-10-02 18:16:31,045 ERROR k.a.j.p.PerfMonCollector: Perfmon plugin error: java.net.ConnectException: Connection refused: connect
2020-10-02 18:16:31,047 ERROR k.a.j.p.PerfMonCollector: Perfmon plugin error: java.net.ConnectException: Connection refused: connect
2020-10-02 18:16:32,048 ERROR k.a.j.p.PerfMonCollector: Perfmon plugin error: java.net.ConnectException: Connection refused: connect
2020-10-02 18:16:32,050 ERROR k.a.j.p.PerfMonCollector: Perfmon plugin error: java.net.ConnectException: Connection refused: connect
2020-10-02 18:16:32,051 ERROR k.a.j.p.PerfMonCollector: Perfmon plugin error: java.net.ConnectException: Connection refused: connect
2020-10-02 18:16:33,055 ERROR k.a.j.p.PerfMonCollector: Perfmon plugin error: java.net.ConnectException: Connection refused: connect
2020-10-02 18:16:33,058 ERROR k.a.j.p.PerfMonCollector: Perfmon plugin error: java.net.ConnectException: Connection refused: connect
2020-10-02 18:16:33,060 ERROR k.a.j.p.PerfMonCollector: Perfmon plugin error: java.net.ConnectException: Connection refused: connect
2020-10-02 18:16:33,977 INFO o.a.j.t.JMeterThread: Thread started: UC_02_sendComment 1-3
2020-10-02 18:16:34,062 ERROR k.a.j.p.PerfMonCollector: Perfmon plugin error: java.net.ConnectException: Connection refused: connect
2020-10-02 18:16:34,064 ERROR k.a.j.p.PerfMonCollector: Perfmon plugin error: java.net.ConnectException: Connection refused: connect
2020-10-02 18:16:34,066 ERROR k.a.j.p.PerfMonCollector: Perfmon plugin error: java.net.ConnectException: Connection refused: connect
2020-10-02 18:16:35,069 ERROR k.a.j.p.PerfMonCollector: Perfmon plugin error: java.net.ConnectException: Connection refused: connect
2020-10-02 18:16:35,071 ERROR k.a.j.p.PerfMonCollector: Perfmon plugin error: java.net.ConnectException: Connection refused: connect
2020-10-02 18:16:35,112 ERROR k.a.j.p.PerfMonCollector: Perfmon plugin error: java.net.ConnectException: Connection refused: connect
2020-10-02 18:16:36,114 ERROR k.a.j.p.PerfMonCollector: Perfmon plugin error: java.net.ConnectException: Connection refused: connect
2020-10-02 18:16:36,116 ERROR k.a.j.p.PerfMonCollector: Perfmon plugin error: java.net.ConnectException: Connection refused: connect
2020-10-02 18:16:36,118 ERROR k.a.j.p.PerfMonCollector: Perfmon plugin error: java.net.ConnectException: Connection refused: connect
2020-10-02 18:16:37,121 ERROR k.a.j.p.PerfMonCollector: Perfmon plugin error: java.net.ConnectException: Connection refused: connect
2020-10-02 18:16:37,122 ERROR k.a.j.p.PerfMonCollector: Perfmon plugin error: java.net.ConnectException: Connection refused: connect
2020-10-02 18:16:37,124 ERROR k.a.j.p.PerfMonCollector: Perfmon plugin error: java.net.ConnectException: Connection refused: connect
2020-10-02 18:16:38,127 ERROR k.a.j.p.PerfMonCollector: Perfmon plugin error: java.net.ConnectException: Connection refused: connect
2020-10-02 18:16:38,128 ERROR k.a.j.p.PerfMonCollector: Perfmon plugin error: java.net.ConnectException: Connection refused: connect
2020-10-02 18:16:38,130 ERROR k.a.j.p.PerfMonCollector: Perfmon plugin error: java.net.ConnectException: Connection refused: connect
2020-10-02 18:16:39,133 ERROR k.a.j.p.PerfMonCollector: Perfmon plugin error: java.net.ConnectException: Connection refused: connect
2020-10-02 18:16:39,135 ERROR k.a.j.p.PerfMonCollector: Perfmon plugin error: java.net.ConnectException: Connection refused: connect
2020-10-02 18:16:39,137 ERROR k.a.j.p.PerfMonCollector: Perfmon plugin error: java.net.ConnectException: Connection refused: connect
2020-10-02 18:16:40,140 ERROR k.a.j.p.PerfMonCollector: Perfmon plugin error: java.net.ConnectException: Connection refused: connect
2020-10-02 18:16:40,142 ERROR k.a.j.p.PerfMonCollector: Perfmon plugin error: java.net.ConnectException: Connection refused: connect
2020-10-02 18:16:40,144 ERROR k.a.j.p.PerfMonCollector: Perfmon plugin error: java.net.ConnectException: Connection refused: connect
2020-10-02 18:16:41,147 ERROR k.a.j.p.PerfMonCollector: Perfmon plugin error: java.net.ConnectException: Connection refused: connect
2020-10-02 18:16:41,149 ERROR k.a.j.p.PerfMonCollector: Perfmon plugin error: java.net.ConnectException: Connection refused: connect
2020-10-02 18:16:41,151 ERROR k.a.j.p.PerfMonCollector: Perfmon plugin error: java.net.ConnectException: Connection refused: connect
2020-10-02 18:16:41,937 INFO o.a.j.g.a.Start: Stopping test
2020-10-02 18:16:41,954 INFO o.a.j.t.JMeterThread: Stopping: UC_02_sendComment 1-4
2020-10-02 18:16:41,955 INFO o.a.j.t.JMeterThread: Stopping: UC_02_sendComment 1-9
2020-10-02 18:16:41,956 INFO o.a.j.t.JMeterThread: Stopping: UC_02_sendComment 1-2
2020-10-02 18:16:41,956 INFO o.a.j.t.JMeterThread: Stopping: UC_02_sendComment 1-6
2020-10-02 18:16:41,957 INFO o.a.j.t.JMeterThread: Stopping: UC_02_sendComment 1-7
2020-10-02 18:16:41,956 INFO o.a.j.t.JMeterThread: Thread started: UC_02_sendComment 1-9
2020-10-02 18:16:41,956 INFO o.a.j.t.JMeterThread: Thread started: UC_02_sendComment 1-4
2020-10-02 18:16:41,958 INFO o.a.j.t.JMeterThread: Stopping: UC_02_sendComment 1-10
2020-10-02 18:16:41,958 INFO o.a.j.t.JMeterThread: Stopping: UC_02_sendComment 1-5
2020-10-02 18:16:41,959 INFO o.a.j.t.JMeterThread: Stopping: UC_02_sendComment 1-1
2020-10-02 18:16:41,958 INFO o.a.j.t.JMeterThread: Thread started: UC_02_sendComment 1-7
2020-10-02 18:16:41,957 INFO o.a.j.t.JMeterThread: Thread started: UC_02_sendComment 1-6
2020-10-02 18:16:41,959 INFO o.a.j.t.JMeterThread: Thread finished: UC_02_sendComment 1-9
2020-10-02 18:16:41,959 INFO o.a.j.t.JMeterThread: Thread finished: UC_02_sendComment 1-2
2020-10-02 18:16:41,959 INFO o.a.j.t.JMeterThread: Stopping: UC_02_sendComment 1-3
2020-10-02 18:16:41,959 INFO o.a.j.t.JMeterThread: Thread finished: UC_02_sendComment 1-4
2020-10-02 18:16:41,959 INFO o.a.j.t.JMeterThread: Thread started: UC_02_sendComment 1-10
2020-10-02 18:16:41,960 INFO o.a.j.t.JMeterThread: Thread finished: UC_02_sendComment 1-7
2020-10-02 18:16:41,960 INFO o.a.j.t.JMeterThread: Stopping: UC_02_sendComment 1-8
2020-10-02 18:16:41,961 INFO o.a.j.t.JMeterThread: Thread finished: UC_02_sendComment 1-6
2020-10-02 18:16:41,961 INFO o.a.j.t.JMeterThread: Thread finished: UC_02_sendComment 1-10
2020-10-02 18:16:41,962 INFO o.a.j.t.JMeterThread: Stopping: UC_03_clearGuestbookHistory 2-1
2020-10-02 18:16:41,961 INFO o.a.j.t.JMeterThread: Thread started: UC_02_sendComment 1-5
2020-10-02 18:16:41,963 INFO o.a.j.t.JMeterThread: Thread finished: UC_02_sendComment 1-5
2020-10-02 18:16:41,964 INFO o.a.j.t.JMeterThread: Thread finished: UC_03_clearGuestbookHistory 2-1
2020-10-02 18:16:41,963 INFO o.a.j.t.JMeterThread: Thread started: UC_02_sendComment 1-8
2020-10-02 18:16:41,965 INFO o.a.j.t.JMeterThread: Thread finished: UC_02_sendComment 1-8
2020-10-02 18:16:42,001 INFO o.a.j.t.JMeterThread: Thread finished: UC_02_sendComment 1-3
2020-10-02 18:16:42,153 ERROR k.a.j.p.PerfMonCollector: Perfmon plugin error: java.net.ConnectException: Connection refused: connect
2020-10-02 18:16:42,155 ERROR k.a.j.p.PerfMonCollector: Perfmon plugin error: java.net.ConnectException: Connection refused: connect
2020-10-02 18:16:42,157 ERROR k.a.j.p.PerfMonCollector: Perfmon plugin error: java.net.ConnectException: Connection refused: connect
2020-10-02 18:16:42,500 INFO o.a.j.t.JMeterThread: Thread finished: UC_02_sendComment 1-1
2020-10-02 18:16:42,501 INFO o.a.j.e.StandardJMeterEngine: Notifying test listeners of end of test
2020-10-02 18:16:42,502 INFO o.a.j.s.FileServer: Close: ./comments.csv
2020-10-02 18:16:42,519 INFO o.a.j.g.u.JMeterMenuBar: setRunning(false, *local*)
2020-10-02 18:16:59,315 INFO o.a.j.e.StandardJMeterEngine: Running the test!
2020-10-02 18:16:59,316 INFO o.a.j.s.SampleEvent: List of sample_variables: []
2020-10-02 18:16:59,348 INFO o.a.j.g.u.JMeterMenuBar: setRunning(true, *local*)
2020-10-02 18:16:59,675 INFO o.a.j.e.StandardJMeterEngine: Starting ThreadGroup: 1 : UC_02_sendComment
2020-10-02 18:16:59,676 INFO o.a.j.e.StandardJMeterEngine: Starting 10 threads for group UC_02_sendComment.
2020-10-02 18:16:59,676 INFO o.a.j.e.StandardJMeterEngine: Thread will continue on error
2020-10-02 18:16:59,676 INFO o.a.j.t.ThreadGroup: Starting thread group... number=1 threads=10 ramp-up=240 delayedStart=false
2020-10-02 18:16:59,684 INFO o.a.j.t.JMeterThread: Thread started: UC_02_sendComment 1-1
2020-10-02 18:16:59,685 INFO o.a.j.s.FileServer: Stored: ./comments.csv
2020-10-02 18:16:59,687 WARN k.a.j.t.VariableThroughputTimer: No free threads available in current Thread Group UC_02_sendComment, made 0 samples/s for expected rps 2.0 samples/s, increase your number of threads
2020-10-02 18:16:59,709 INFO o.a.j.t.ThreadGroup: Started thread group number 1
2020-10-02 18:16:59,709 INFO o.a.j.e.StandardJMeterEngine: Starting ThreadGroup: 2 : UC_03_clearGuestbookHistory
2020-10-02 18:16:59,709 INFO o.a.j.e.StandardJMeterEngine: Starting 1 threads for group UC_03_clearGuestbookHistory.
2020-10-02 18:16:59,709 INFO o.a.j.e.StandardJMeterEngine: Thread will continue on error
2020-10-02 18:16:59,710 INFO o.a.j.t.ThreadGroup: Starting thread group... number=2 threads=1 ramp-up=1 delayedStart=false
2020-10-02 18:16:59,712 INFO o.a.j.t.ThreadGroup: Started thread group number 2
2020-10-02 18:16:59,712 INFO o.a.j.e.StandardJMeterEngine: All thread groups have been started
2020-10-02 18:16:59,713 INFO o.a.j.t.JMeterThread: Thread started: UC_03_clearGuestbookHistory 2-1
2020-10-02 18:16:59,715 WARN k.a.j.t.VariableThroughputTimer: No free threads available in current Thread Group UC_03_clearGuestbookHistory, made 0 samples/s for expected rps 0.05 samples/s, increase your number of threads
2020-10-02 18:17:23,682 INFO o.a.j.t.JMeterThread: Thread started: UC_02_sendComment 1-2
2020-10-02 18:17:47,682 INFO o.a.j.t.JMeterThread: Thread started: UC_02_sendComment 1-3
2020-10-02 18:18:11,683 INFO o.a.j.t.JMeterThread: Thread started: UC_02_sendComment 1-4
2020-10-02 18:18:35,682 INFO o.a.j.t.JMeterThread: Thread started: UC_02_sendComment 1-5
2020-10-02 18:18:59,687 INFO o.a.j.t.JMeterThread: Thread started: UC_02_sendComment 1-6
2020-10-02 18:19:23,685 INFO o.a.j.t.JMeterThread: Thread started: UC_02_sendComment 1-7
2020-10-02 18:19:47,684 INFO o.a.j.t.JMeterThread: Thread started: UC_02_sendComment 1-8
2020-10-02 18:20:11,682 INFO o.a.j.t.JMeterThread: Thread started: UC_02_sendComment 1-9
2020-10-02 18:20:35,683 INFO o.a.j.t.JMeterThread: Thread started: UC_02_sendComment 1-10
2020-10-02 18:22:00,019 INFO k.a.j.t.VariableThroughputTimer: No further RPS schedule, asking threads to stop...
2020-10-02 18:22:00,019 INFO k.a.j.t.VariableThroughputTimer: Stopping gracefuly threads of Thread Group : UC_02_sendComment
2020-10-02 18:22:00,021 INFO o.a.j.t.JMeterThread: Stopping: UC_02_sendComment 1-4
2020-10-02 18:22:00,021 INFO o.a.j.t.JMeterThread: Stopping: UC_02_sendComment 1-10
2020-10-02 18:22:00,021 INFO o.a.j.t.JMeterThread: Stopping: UC_02_sendComment 1-6
2020-10-02 18:22:00,021 INFO o.a.j.t.JMeterThread: Stopping: UC_02_sendComment 1-7
2020-10-02 18:22:00,021 INFO o.a.j.t.JMeterThread: Stopping: UC_02_sendComment 1-9
2020-10-02 18:22:00,022 INFO o.a.j.t.JMeterThread: Stopping: UC_02_sendComment 1-8
2020-10-02 18:22:00,022 INFO o.a.j.t.JMeterThread: Stopping: UC_02_sendComment 1-2
2020-10-02 18:22:00,022 INFO o.a.j.t.JMeterThread: Stopping: UC_02_sendComment 1-5
2020-10-02 18:22:00,022 INFO o.a.j.t.JMeterThread: Stopping: UC_02_sendComment 1-3
2020-10-02 18:22:00,022 INFO o.a.j.t.JMeterThread: Stopping: UC_02_sendComment 1-1
2020-10-02 18:22:00,023 INFO o.a.j.t.JMeterThread: Thread finished: UC_02_sendComment 1-3
2020-10-02 18:22:00,145 INFO o.a.j.t.JMeterThread: Thread finished: UC_02_sendComment 1-1
2020-10-02 18:22:00,200 INFO o.a.j.t.JMeterThread: Thread finished: UC_02_sendComment 1-6
2020-10-02 18:22:00,300 INFO o.a.j.t.JMeterThread: Thread finished: UC_02_sendComment 1-7
2020-10-02 18:22:00,400 INFO o.a.j.t.JMeterThread: Thread finished: UC_02_sendComment 1-2
2020-10-02 18:22:00,500 INFO o.a.j.t.JMeterThread: Thread finished: UC_02_sendComment 1-5
2020-10-02 18:22:00,649 INFO o.a.j.t.JMeterThread: Thread finished: UC_02_sendComment 1-10
2020-10-02 18:22:00,700 INFO o.a.j.t.JMeterThread: Thread finished: UC_02_sendComment 1-9
2020-10-02 18:22:00,800 INFO o.a.j.t.JMeterThread: Thread finished: UC_02_sendComment 1-8
2020-10-02 18:22:00,903 INFO o.a.j.t.JMeterThread: Thread finished: UC_02_sendComment 1-4
2020-10-02 18:22:00,956 INFO k.a.j.t.VariableThroughputTimer: No further RPS schedule, asking threads to stop...
2020-10-02 18:22:00,956 INFO k.a.j.t.VariableThroughputTimer: Stopping gracefuly threads of Thread Group : UC_03_clearGuestbookHistory
2020-10-02 18:22:00,956 INFO o.a.j.t.JMeterThread: Stopping: UC_03_clearGuestbookHistory 2-1
2020-10-02 18:22:00,957 INFO o.a.j.t.JMeterThread: Thread finished: UC_03_clearGuestbookHistory 2-1
2020-10-02 18:22:00,958 INFO o.a.j.e.StandardJMeterEngine: Notifying test listeners of end of test
2020-10-02 18:22:00,958 INFO o.a.j.s.FileServer: Close: ./comments.csv
2020-10-02 18:22:00,965 INFO o.a.j.g.u.JMeterMenuBar: setRunning(false, *local*)
2020-10-02 18:25:52,670 INFO o.a.j.e.StandardJMeterEngine: Running the test!
2020-10-02 18:25:52,672 INFO o.a.j.s.SampleEvent: List of sample_variables: []
2020-10-02 18:25:52,701 INFO o.a.j.g.u.JMeterMenuBar: setRunning(true, *local*)
2020-10-02 18:25:52,726 INFO o.a.j.e.StandardJMeterEngine: Starting ThreadGroup: 1 : UC_02_sendComment
2020-10-02 18:25:52,727 INFO o.a.j.e.StandardJMeterEngine: Starting 10 threads for group UC_02_sendComment.
2020-10-02 18:25:52,728 INFO o.a.j.e.StandardJMeterEngine: Thread will continue on error
2020-10-02 18:25:52,730 INFO o.a.j.t.ThreadGroup: Starting thread group... number=1 threads=10 ramp-up=240 delayedStart=false
2020-10-02 18:25:52,746 INFO o.a.j.t.JMeterThread: Thread started: UC_02_sendComment 1-1
2020-10-02 18:25:52,748 INFO o.a.j.s.FileServer: Stored: ./comments.csv
2020-10-02 18:25:52,750 WARN k.a.j.t.VariableThroughputTimer: No free threads available in current Thread Group UC_02_sendComment, made 0 samples/s for expected rps 2.0 samples/s, increase your number of threads
2020-10-02 18:25:52,785 INFO o.a.j.t.ThreadGroup: Started thread group number 1
2020-10-02 18:25:52,785 INFO o.a.j.e.StandardJMeterEngine: Starting ThreadGroup: 2 : UC_03_clearGuestbookHistory
2020-10-02 18:25:52,786 INFO o.a.j.e.StandardJMeterEngine: Starting 1 threads for group UC_03_clearGuestbookHistory.
2020-10-02 18:25:52,786 INFO o.a.j.e.StandardJMeterEngine: Thread will continue on error
2020-10-02 18:25:52,787 INFO o.a.j.t.ThreadGroup: Starting thread group... number=2 threads=1 ramp-up=1 delayedStart=false
2020-10-02 18:25:52,790 INFO o.a.j.t.ThreadGroup: Started thread group number 2
2020-10-02 18:25:52,791 INFO o.a.j.e.StandardJMeterEngine: All thread groups have been started
2020-10-02 18:25:52,793 INFO o.a.j.t.JMeterThread: Thread started: UC_03_clearGuestbookHistory 2-1
2020-10-02 18:25:52,795 WARN k.a.j.t.VariableThroughputTimer: No free threads available in current Thread Group UC_03_clearGuestbookHistory, made 0 samples/s for expected rps 0.05 samples/s, increase your number of threads
2020-10-02 18:25:54,001 WARN k.a.j.t.VariableThroughputTimer: No free threads available in current Thread Group UC_02_sendComment, made 1 samples/s for expected rps 2.0 samples/s, increase your number of threads
2020-10-02 18:26:16,741 INFO o.a.j.t.JMeterThread: Thread started: UC_02_sendComment 1-2
2020-10-02 18:26:40,740 INFO o.a.j.t.JMeterThread: Thread started: UC_02_sendComment 1-3
2020-10-02 18:27:04,741 INFO o.a.j.t.JMeterThread: Thread started: UC_02_sendComment 1-4
2020-10-02 18:27:28,739 INFO o.a.j.t.JMeterThread: Thread started: UC_02_sendComment 1-5
2020-10-02 18:27:52,739 INFO o.a.j.t.JMeterThread: Thread started: UC_02_sendComment 1-6
2020-10-02 18:28:16,740 INFO o.a.j.t.JMeterThread: Thread started: UC_02_sendComment 1-7
2020-10-02 18:28:40,739 INFO o.a.j.t.JMeterThread: Thread started: UC_02_sendComment 1-8
2020-10-02 18:29:04,740 INFO o.a.j.t.JMeterThread: Thread started: UC_02_sendComment 1-9
2020-10-02 18:29:28,741 INFO o.a.j.t.JMeterThread: Thread started: UC_02_sendComment 1-10
2020-10-02 18:30:53,024 INFO k.a.j.t.VariableThroughputTimer: No further RPS schedule, asking threads to stop...
2020-10-02 18:30:53,025 INFO k.a.j.t.VariableThroughputTimer: Stopping gracefuly threads of Thread Group : UC_02_sendComment
2020-10-02 18:30:53,025 INFO o.a.j.t.JMeterThread: Stopping: UC_02_sendComment 1-1
2020-10-02 18:30:53,025 INFO o.a.j.t.JMeterThread: Stopping: UC_02_sendComment 1-5
2020-10-02 18:30:53,026 INFO o.a.j.t.JMeterThread: Stopping: UC_02_sendComment 1-2
2020-10-02 18:30:53,026 INFO o.a.j.t.JMeterThread: Stopping: UC_02_sendComment 1-6
2020-10-02 18:30:53,026 INFO o.a.j.t.JMeterThread: Stopping: UC_02_sendComment 1-9
2020-10-02 18:30:53,026 INFO o.a.j.t.JMeterThread: Stopping: UC_02_sendComment 1-4
2020-10-02 18:30:53,027 INFO o.a.j.t.JMeterThread: Stopping: UC_02_sendComment 1-3
2020-10-02 18:30:53,027 INFO o.a.j.t.JMeterThread: Stopping: UC_02_sendComment 1-8
2020-10-02 18:30:53,027 INFO o.a.j.t.JMeterThread: Stopping: UC_02_sendComment 1-7
2020-10-02 18:30:53,027 INFO o.a.j.t.JMeterThread: Stopping: UC_02_sendComment 1-10
2020-10-02 18:30:53,028 INFO o.a.j.t.JMeterThread: Thread finished: UC_02_sendComment 1-1
2020-10-02 18:30:53,100 INFO o.a.j.t.JMeterThread: Thread finished: UC_02_sendComment 1-7
2020-10-02 18:30:53,200 INFO o.a.j.t.JMeterThread: Thread finished: UC_02_sendComment 1-8
2020-10-02 18:30:53,300 INFO o.a.j.t.JMeterThread: Thread finished: UC_02_sendComment 1-9
2020-10-02 18:30:53,424 INFO o.a.j.t.JMeterThread: Thread finished: UC_02_sendComment 1-2
2020-10-02 18:30:53,500 INFO o.a.j.t.JMeterThread: Thread finished: UC_02_sendComment 1-3
2020-10-02 18:30:53,600 INFO o.a.j.t.JMeterThread: Thread finished: UC_02_sendComment 1-10
2020-10-02 18:30:53,700 INFO o.a.j.t.JMeterThread: Thread finished: UC_02_sendComment 1-5
2020-10-02 18:30:53,800 INFO o.a.j.t.JMeterThread: Thread finished: UC_02_sendComment 1-4
2020-10-02 18:30:53,903 INFO o.a.j.t.JMeterThread: Thread finished: UC_02_sendComment 1-6
2020-10-02 18:30:54,000 INFO k.a.j.t.VariableThroughputTimer: No further RPS schedule, asking threads to stop...
2020-10-02 18:30:54,000 INFO k.a.j.t.VariableThroughputTimer: Stopping gracefuly threads of Thread Group : UC_03_clearGuestbookHistory
2020-10-02 18:30:54,000 INFO o.a.j.t.JMeterThread: Stopping: UC_03_clearGuestbookHistory 2-1
2020-10-02 18:30:54,001 INFO o.a.j.t.JMeterThread: Thread finished: UC_03_clearGuestbookHistory 2-1
2020-10-02 18:30:54,002 INFO o.a.j.e.StandardJMeterEngine: Notifying test listeners of end of test
2020-10-02 18:30:54,002 INFO o.a.j.s.FileServer: Close: ./comments.csv
2020-10-02 18:30:54,006 INFO o.a.j.g.u.JMeterMenuBar: setRunning(false, *local*)
